[2026-02-12 14:42:31] [INFO] Verificando requisitos do sistema...
[2026-02-12 14:42:31] [INFO] Node.js: v20.20.0
[2026-02-12 14:42:31] [INFO] NPM: 10.8.2
[2026-02-12 14:42:31] [INFO] Executando testes automatizados...
[2026-02-12 14:42:31] [SUCCESS] Todos os testes passaram.
[2026-02-12 14:44:43] [INFO] Verificando requisitos do sistema...
[2026-02-12 14:44:43] [INFO] Node.js: v20.20.0
[2026-02-12 14:44:43] [INFO] NPM: 10.8.2
[2026-02-12 14:44:43] [INFO] Verificando configuração de variáveis de ambiente...
[2026-02-12 14:44:43] [WARN] Arquivo não encontrado: /Volumes/NVMe-256GB/project-salom-service-site-mobile/project-salom-service-site-mobile_vuejs/.env
[2026-02-12 14:44:43] [WARN] Arquivo não encontrado: /Volumes/NVMe-256GB/project-salom-service-site-mobile/project-salom-service-site-mobile_vuejs/.env.example
[2026-02-12 14:44:43] [ERROR] Nem .env nem .env.example encontrados. Configuração manual necessária.
[2026-02-12 14:47:50] [INFO] Verificando requisitos do sistema...
[2026-02-12 14:47:50] [INFO] Node.js: v20.20.0
[2026-02-12 14:47:50] [INFO] NPM: 10.8.2
[2026-02-12 14:47:50] [INFO] Verificando configuração de variáveis de ambiente...
[2026-02-12 14:47:50] [WARN] Arquivo não encontrado: /Volumes/NVMe-256GB/project-salom-service-site-mobile/project-salom-service-site-mobile_vuejs/.env
[2026-02-12 14:47:50] [WARN] Arquivo não encontrado: /Volumes/NVMe-256GB/project-salom-service-site-mobile/project-salom-service-site-mobile_vuejs/.env.example
[2026-02-12 14:47:50] [ERROR] Nem .env nem .env.example encontrados. Configuração manual necessária.
[2026-02-12 14:48:31] [INFO] Verificando requisitos do sistema...
[2026-02-12 14:48:31] [INFO] Node.js: v20.20.0
[2026-02-12 14:48:31] [INFO] NPM: 10.8.2
[2026-02-12 14:48:31] [INFO] Verificando configuração de variáveis de ambiente...
[2026-02-12 14:48:31] [WARN] Arquivo não encontrado: /Volumes/NVMe-256GB/project-salom-service-site-mobile/project-salom-service-site-mobile_vuejs/.env
[2026-02-12 14:48:31] [WARN] Arquivo não encontrado: /Volumes/NVMe-256GB/project-salom-service-site-mobile/project-salom-service-site-mobile_vuejs/.env.example
[2026-02-12 14:48:31] [ERROR] Nem .env nem .env.example encontrados. Configuração manual necessária.
[2026-02-12 17:51:40] [INFO] Verificando requisitos do sistema...
[2026-02-12 17:51:41] [INFO] Node.js: v20.20.0
[2026-02-12 17:51:41] [INFO] NPM: 10.8.2
[2026-02-12 17:51:41] [INFO] Git: git version 2.52.0
[2026-02-12 17:51:41] [INFO] Executando testes automatizados...
[2026-02-12 17:51:45] [SUCCESS] Todos os testes passaram.
[2026-02-12 17:52:12] [INFO] Verificando requisitos do sistema...
[2026-02-12 17:52:13] [INFO] Node.js: v20.20.0
[2026-02-12 17:52:13] [INFO] NPM: 10.8.2
[2026-02-12 17:52:13] [INFO] Git: git version 2.52.0
[2026-02-12 17:52:13] [INFO] Instalando/Atualizando dependências...
[2026-02-12 17:52:40] [SUCCESS] Dependências instaladas com sucesso.
[2026-02-12 17:52:40] [INFO] Executando testes automatizados...
[2026-02-12 17:52:53] [SUCCESS] Todos os testes passaram.
[2026-02-12 17:52:53] [INFO] Iniciando build de produção...
[2026-02-12 17:53:13] [SUCCESS] Build de produção concluído com sucesso.
[2026-02-12 17:58:47] [INFO] Verificando requisitos do sistema...
[2026-02-12 17:58:48] [INFO] Node.js: v20.20.0
[2026-02-12 17:58:48] [INFO] NPM: 10.8.2
[2026-02-12 17:58:48] [INFO] Git: git version 2.52.0
[2026-02-12 17:58:48] [INFO] Instalando/Atualizando dependências...
[2026-02-12 17:59:08] [SUCCESS] Dependências instaladas com sucesso.
[2026-02-12 17:59:08] [INFO] Iniciando servidor de desenvolvimento...
[2026-02-12 18:08:32] [INFO] Verificando requisitos do sistema...
[2026-02-12 18:08:32] [INFO] Node.js: v20.20.0
[2026-02-12 18:08:32] [INFO] NPM: 10.8.2
[2026-02-12 18:08:32] [INFO] Git: git version 2.52.0
[2026-02-12 18:08:32] [INFO] Iniciando sincronização com repositório remoto...
[2026-02-12 18:08:32] [INFO] Baixando atualizações remotas (git pull)...
[2026-02-12 18:08:33] [SUCCESS] Código atualizado.
[2026-02-12 18:08:33] [INFO] Enviando alterações locais com mensagem: "updated"...
[2026-02-12 18:08:36] [SUCCESS] Alterações enviadas com sucesso.
[2026-02-12 18:09:13] [INFO] Verificando requisitos do sistema...
[2026-02-12 18:09:13] [INFO] Node.js: v20.20.0
[2026-02-12 18:09:13] [INFO] NPM: 10.8.2
[2026-02-12 18:09:13] [INFO] Git: git version 2.52.0
[2026-02-12 18:09:13] [INFO] Instalando/Atualizando dependências...
[2026-02-12 18:09:37] [SUCCESS] Dependências instaladas com sucesso.
[2026-02-12 18:09:37] [INFO] Iniciando servidor de desenvolvimento...
[2026-02-12 18:20:15] [INFO] Verificando requisitos do sistema...
[2026-02-12 18:20:16] [INFO] Node.js: v20.20.0
[2026-02-12 18:20:16] [INFO] NPM: 10.8.2
[2026-02-12 18:20:16] [INFO] Git: git version 2.52.0
[2026-02-12 18:20:16] [INFO] Iniciando sincronização com repositório remoto...
[2026-02-12 18:20:16] [INFO] Baixando atualizações remotas (git pull)...
[2026-02-12 18:20:16] [SUCCESS] Código atualizado.
[2026-02-12 18:20:16] [INFO] Enviando alterações locais com mensagem: "updated"...
